  [1m[35m (0.9ms)[0m  [1m[34mSELECT sqlite_version(*)[0m
  ↳ bin/rails:9
  [1m[35m (84.0ms)[0m  [1m[35mCREATE TABLE "schema_migrations" ("version" varchar NOT NULL PRIMARY KEY)[0m
  ↳ bin/rails:9
  [1m[35m (73.8ms)[0m  [1m[35mCREATE TABLE "ar_internal_metadata" ("key" varchar NOT NULL PRIMARY KEY, "value" varchar, "created_at" datetime NOT NULL, "updated_at" datetime NOT NULL)[0m
  ↳ bin/rails:9
  [1m[35m (0.2ms)[0m  [1m[34mSELECT "schema_migrations"."version" FROM "schema_migrations" ORDER BY "schema_migrations"."version" ASC[0m
  ↳ bin/rails:9
Migrating to CreatePins (20180725144629)
  [1m[35m (0.1ms)[0m  [1m[36mbegin transaction[0m
  ↳ bin/rails:9
  [1m[35m (0.9ms)[0m  [1m[35mCREATE TABLE "pins" ("id" integer PRIMARY KEY AUTOINCREMENT NOT NULL, "url" varchar, "created_at" datetime NOT NULL, "updated_at" datetime NOT NULL)[0m
  ↳ db/migrate/20180725144629_create_pins.rb:3
  [1m[36mActiveRecord::SchemaMigration Create (0.1ms)[0m  [1m[32mINSERT INTO "schema_migrations" ("version") VALUES (?)[0m  [["version", "20180725144629"]]
  ↳ bin/rails:9
  [1m[35m (80.0ms)[0m  [1m[36mcommit transaction[0m
  ↳ bin/rails:9
Migrating to CreateUsers (20180725145705)
  [1m[35m (0.1ms)[0m  [1m[36mbegin transaction[0m
  ↳ bin/rails:9
  [1m[35m (0.4ms)[0m  [1m[35mCREATE TABLE "users" ("id" integer PRIMARY KEY AUTOINCREMENT NOT NULL, "name" varchar, "created_at" datetime NOT NULL, "updated_at" datetime NOT NULL)[0m
  ↳ db/migrate/20180725145705_create_users.rb:3
  [1m[36mActiveRecord::SchemaMigration Create (0.1ms)[0m  [1m[32mINSERT INTO "schema_migrations" ("version") VALUES (?)[0m  [["version", "20180725145705"]]
  ↳ bin/rails:9
  [1m[35m (69.0ms)[0m  [1m[36mcommit transaction[0m
  ↳ bin/rails:9
  [1m[36mActiveRecord::InternalMetadata Load (0.2ms)[0m  [1m[34mSELECT  "ar_internal_metadata".* FROM "ar_internal_metadata" WHERE "ar_internal_metadata"."key" = ? LIMIT ?[0m  [["key", "environment"], ["LIMIT", 1]]
  ↳ bin/rails:9
  [1m[35m (0.0ms)[0m  [1m[36mbegin transaction[0m
  ↳ bin/rails:9
  [1m[36mActiveRecord::InternalMetadata Create (0.2ms)[0m  [1m[32mINSERT INTO "ar_internal_metadata" ("key", "value", "created_at", "updated_at") VALUES (?, ?, ?, ?)[0m  [["key", "environment"], ["value", "development"], ["created_at", "2018-07-25 14:57:59.116156"], ["updated_at", "2018-07-25 14:57:59.116156"]]
  ↳ bin/rails:9
  [1m[35m (47.7ms)[0m  [1m[36mcommit transaction[0m
  ↳ bin/rails:9
  [1m[35m (0.1ms)[0m  [1m[34mSELECT "schema_migrations"."version" FROM "schema_migrations" ORDER BY "schema_migrations"."version" ASC[0m
  ↳ bin/rails:9
  [1m[35m (0.1ms)[0m  [1m[34mSELECT "schema_migrations"."version" FROM "schema_migrations" ORDER BY "schema_migrations"."version" ASC[0m
  ↳ bin/rails:9
  [1m[35m (0.0ms)[0m  [1m[36mbegin transaction[0m
  ↳ db/seeds.rb:11
  [1m[36mUser Create (0.2ms)[0m  [1m[32mINSERT INTO "users" ("name", "created_at", "updated_at") VALUES (?, ?, ?)[0m  [["name", "Jed"], ["created_at", "2018-07-25 14:59:47.897128"], ["updated_at", "2018-07-25 14:59:47.897128"]]
  ↳ db/seeds.rb:11
  [1m[35m (59.2ms)[0m  [1m[36mcommit transaction[0m
  ↳ db/seeds.rb:11
  [1m[35m (0.1ms)[0m  [1m[36mbegin transaction[0m
  ↳ db/seeds.rb:11
  [1m[36mUser Create (0.2ms)[0m  [1m[32mINSERT INTO "users" ("name", "created_at", "updated_at") VALUES (?, ?, ?)[0m  [["name", "Phillip"], ["created_at", "2018-07-25 14:59:47.958301"], ["updated_at", "2018-07-25 14:59:47.958301"]]
  ↳ db/seeds.rb:11
  [1m[35m (39.5ms)[0m  [1m[36mcommit transaction[0m
  ↳ db/seeds.rb:11
  [1m[35m (0.1ms)[0m  [1m[36mbegin transaction[0m
  ↳ db/seeds.rb:11
  [1m[36mUser Create (0.2ms)[0m  [1m[32mINSERT INTO "users" ("name", "created_at", "updated_at") VALUES (?, ?, ?)[0m  [["name", "Neta"], ["created_at", "2018-07-25 14:59:47.999515"], ["updated_at", "2018-07-25 14:59:47.999515"]]
  ↳ db/seeds.rb:11
  [1m[35m (40.1ms)[0m  [1m[36mcommit transaction[0m
  ↳ db/seeds.rb:11
  [1m[35m (0.1ms)[0m  [1m[36mbegin transaction[0m
  ↳ db/seeds.rb:11
  [1m[36mUser Create (0.2ms)[0m  [1m[32mINSERT INTO "users" ("name", "created_at", "updated_at") VALUES (?, ?, ?)[0m  [["name", "Maria"], ["created_at", "2018-07-25 14:59:48.041432"], ["updated_at", "2018-07-25 14:59:48.041432"]]
  ↳ db/seeds.rb:11
  [1m[35m (48.1ms)[0m  [1m[36mcommit transaction[0m
  ↳ db/seeds.rb:11
  [1m[35m (0.1ms)[0m  [1m[36mbegin transaction[0m
  ↳ db/seeds.rb:11
  [1m[36mUser Create (0.2ms)[0m  [1m[32mINSERT INTO "users" ("name", "created_at", "updated_at") VALUES (?, ?, ?)[0m  [["name", "Jeff"], ["created_at", "2018-07-25 14:59:48.091409"], ["updated_at", "2018-07-25 14:59:48.091409"]]
  ↳ db/seeds.rb:11
  [1m[35m (48.1ms)[0m  [1m[36mcommit transaction[0m
  ↳ db/seeds.rb:11
  [1m[35m (0.1ms)[0m  [1m[36mbegin transaction[0m
  ↳ db/seeds.rb:11
  [1m[36mUser Create (0.2ms)[0m  [1m[32mINSERT INTO "users" ("name", "created_at", "updated_at") VALUES (?, ?, ?)[0m  [["name", "Jon"], ["created_at", "2018-07-25 14:59:48.141681"], ["updated_at", "2018-07-25 14:59:48.141681"]]
  ↳ db/seeds.rb:11
  [1m[35m (47.8ms)[0m  [1m[36mcommit transaction[0m
  ↳ db/seeds.rb:11
  [1m[35m (0.1ms)[0m  [1m[36mbegin transaction[0m
  ↳ db/seeds.rb:11
  [1m[36mUser Create (0.2ms)[0m  [1m[32mINSERT INTO "users" ("name", "created_at", "updated_at") VALUES (?, ?, ?)[0m  [["name", "Arcelia"], ["created_at", "2018-07-25 14:59:48.191360"], ["updated_at", "2018-07-25 14:59:48.191360"]]
  ↳ db/seeds.rb:11
  [1m[35m (49.0ms)[0m  [1m[36mcommit transaction[0m
  ↳ db/seeds.rb:11
  [1m[35m (0.1ms)[0m  [1m[36mbegin transaction[0m
  ↳ db/seeds.rb:11
  [1m[36mUser Create (0.3ms)[0m  [1m[32mINSERT INTO "users" ("name", "created_at", "updated_at") VALUES (?, ?, ?)[0m  [["name", "Maryjane"], ["created_at", "2018-07-25 14:59:48.242611"], ["updated_at", "2018-07-25 14:59:48.242611"]]
  ↳ db/seeds.rb:11
  [1m[35m (46.5ms)[0m  [1m[36mcommit transaction[0m
  ↳ db/seeds.rb:11
  [1m[35m (0.1ms)[0m  [1m[36mbegin transaction[0m
  ↳ db/seeds.rb:11
  [1m[36mUser Create (0.2ms)[0m  [1m[32mINSERT INTO "users" ("name", "created_at", "updated_at") VALUES (?, ?, ?)[0m  [["name", "Foster"], ["created_at", "2018-07-25 14:59:48.291422"], ["updated_at", "2018-07-25 14:59:48.291422"]]
  ↳ db/seeds.rb:11
  [1m[35m (48.3ms)[0m  [1m[36mcommit transaction[0m
  ↳ db/seeds.rb:11
  [1m[35m (0.1ms)[0m  [1m[36mbegin transaction[0m
  ↳ db/seeds.rb:11
  [1m[36mUser Create (0.2ms)[0m  [1m[32mINSERT INTO "users" ("name", "created_at", "updated_at") VALUES (?, ?, ?)[0m  [["name", "Ying"], ["created_at", "2018-07-25 14:59:48.341320"], ["updated_at", "2018-07-25 14:59:48.341320"]]
  ↳ db/seeds.rb:11
  [1m[35m (48.0ms)[0m  [1m[36mcommit transaction[0m
  ↳ db/seeds.rb:11
  [1m[35m (0.1ms)[0m  [1m[34mSELECT "schema_migrations"."version" FROM "schema_migrations" ORDER BY "schema_migrations"."version" ASC[0m
  ↳ bin/rails:9
  [1m[36mActiveRecord::InternalMetadata Load (0.1ms)[0m  [1m[34mSELECT  "ar_internal_metadata".* FROM "ar_internal_metadata" WHERE "ar_internal_metadata"."key" = ? LIMIT ?[0m  [["key", "environment"], ["LIMIT", 1]]
  ↳ bin/rails:9
  [1m[35m (0.1ms)[0m  [1m[36mbegin transaction[0m
  ↳ bin/rails:9
  [1m[35m (0.0ms)[0m  [1m[36mcommit transaction[0m
  ↳ bin/rails:9
  [1m[35m (0.0ms)[0m  [1m[34mSELECT "schema_migrations"."version" FROM "schema_migrations" ORDER BY "schema_migrations"."version" ASC[0m
  ↳ bin/rails:9
  [1m[35m (0.1ms)[0m  [1m[34mSELECT "schema_migrations"."version" FROM "schema_migrations" ORDER BY "schema_migrations"."version" ASC[0m
  ↳ bin/rails:9
  [1m[36mActiveRecord::InternalMetadata Load (0.1ms)[0m  [1m[34mSELECT  "ar_internal_metadata".* FROM "ar_internal_metadata" WHERE "ar_internal_metadata"."key" = ? LIMIT ?[0m  [["key", "environment"], ["LIMIT", 1]]
  ↳ bin/rails:9
  [1m[35m (0.0ms)[0m  [1m[36mbegin transaction[0m
  ↳ bin/rails:9
  [1m[35m (0.0ms)[0m  [1m[36mcommit transaction[0m
  ↳ bin/rails:9
  [1m[35m (0.0ms)[0m  [1m[34mSELECT "schema_migrations"."version" FROM "schema_migrations" ORDER BY "schema_migrations"."version" ASC[0m
  ↳ bin/rails:9
  [1m[35m (0.1ms)[0m  [1m[34mSELECT "schema_migrations"."version" FROM "schema_migrations" ORDER BY "schema_migrations"."version" ASC[0m
  ↳ bin/rails:9
  [1m[35m (0.0ms)[0m  [1m[34mSELECT "schema_migrations"."version" FROM "schema_migrations" ORDER BY "schema_migrations"."version" ASC[0m
  ↳ bin/rails:9
  [1m[35m (0.0ms)[0m  [1m[34mSELECT "schema_migrations"."version" FROM "schema_migrations" ORDER BY "schema_migrations"."version" ASC[0m
  ↳ bin/rails:9
  [1m[35m (0.0ms)[0m  [1m[34mSELECT "schema_migrations"."version" FROM "schema_migrations" ORDER BY "schema_migrations"."version" ASC[0m
  ↳ bin/rails:9
Migrating to CreateUsers (20180725145705)
  [1m[35m (0.0ms)[0m  [1m[36mbegin transaction[0m
  ↳ bin/rails:9
  [1m[35m (0.6ms)[0m  [1m[35mDROP TABLE "users"[0m
  ↳ bin/rails:9
  [1m[36mActiveRecord::SchemaMigration Destroy (0.1ms)[0m  [1m[31mDELETE FROM "schema_migrations" WHERE "schema_migrations"."version" = ?[0m  [["version", "20180725145705"]]
  ↳ bin/rails:9
  [1m[35m (47.0ms)[0m  [1m[36mcommit transaction[0m
  ↳ bin/rails:9
  [1m[35m (0.1ms)[0m  [1m[34mSELECT "schema_migrations"."version" FROM "schema_migrations" ORDER BY "schema_migrations"."version" ASC[0m
  ↳ bin/rails:9
  [1m[35m (0.1ms)[0m  [1m[34mSELECT "schema_migrations"."version" FROM "schema_migrations" ORDER BY "schema_migrations"."version" ASC[0m
  ↳ bin/rails:9
  [1m[35m (0.0ms)[0m  [1m[34mSELECT "schema_migrations"."version" FROM "schema_migrations" ORDER BY "schema_migrations"."version" ASC[0m
  ↳ bin/rails:9
  [1m[35m (0.0ms)[0m  [1m[34mSELECT "schema_migrations"."version" FROM "schema_migrations" ORDER BY "schema_migrations"."version" ASC[0m
  ↳ bin/rails:9
  [1m[35m (0.0ms)[0m  [1m[34mSELECT "schema_migrations"."version" FROM "schema_migrations" ORDER BY "schema_migrations"."version" ASC[0m
  ↳ bin/rails:9
Migrating to CreatePins (20180725144629)
  [1m[35m (0.1ms)[0m  [1m[36mbegin transaction[0m
  ↳ bin/rails:9
  [1m[35m (0.3ms)[0m  [1m[35mDROP TABLE "pins"[0m
  ↳ bin/rails:9
  [1m[36mActiveRecord::SchemaMigration Destroy (0.1ms)[0m  [1m[31mDELETE FROM "schema_migrations" WHERE "schema_migrations"."version" = ?[0m  [["version", "20180725144629"]]
  ↳ bin/rails:9
  [1m[35m (54.9ms)[0m  [1m[36mcommit transaction[0m
  ↳ bin/rails:9
  [1m[35m (0.1ms)[0m  [1m[34mSELECT "schema_migrations"."version" FROM "schema_migrations" ORDER BY "schema_migrations"."version" ASC[0m
  ↳ bin/rails:9
  [1m[35m (0.1ms)[0m  [1m[34mSELECT "schema_migrations"."version" FROM "schema_migrations" ORDER BY "schema_migrations"."version" ASC[0m
  ↳ bin/rails:9
  [1m[35m (0.1ms)[0m  [1m[34mSELECT "schema_migrations"."version" FROM "schema_migrations" ORDER BY "schema_migrations"."version" ASC[0m
  ↳ bin/rails:9
  [1m[35m (0.0ms)[0m  [1m[34mSELECT "schema_migrations"."version" FROM "schema_migrations" ORDER BY "schema_migrations"."version" ASC[0m
  ↳ bin/rails:9
  [1m[35m (0.0ms)[0m  [1m[34mSELECT "schema_migrations"."version" FROM "schema_migrations" ORDER BY "schema_migrations"."version" ASC[0m
  ↳ bin/rails:9
  [1m[35m (0.1ms)[0m  [1m[34mSELECT "schema_migrations"."version" FROM "schema_migrations" ORDER BY "schema_migrations"."version" ASC[0m
  ↳ bin/rails:9
Migrating to CreatePins (20180725144629)
  [1m[35m (0.0ms)[0m  [1m[36mbegin transaction[0m
  ↳ bin/rails:9
  [1m[35m (0.1ms)[0m  [1m[34mSELECT sqlite_version(*)[0m
  ↳ db/migrate/20180725144629_create_pins.rb:3
  [1m[35m (0.3ms)[0m  [1m[35mCREATE TABLE "pins" ("id" integer PRIMARY KEY AUTOINCREMENT NOT NULL, "user_id" integer, "url" varchar, "created_at" datetime NOT NULL, "updated_at" datetime NOT NULL)[0m
  ↳ db/migrate/20180725144629_create_pins.rb:3
  [1m[35m (0.1ms)[0m  [1m[35mCREATE  INDEX "index_pins_on_user_id" ON "pins" ("user_id")[0m
  ↳ db/migrate/20180725144629_create_pins.rb:3
  [1m[36mActiveRecord::SchemaMigration Create (0.2ms)[0m  [1m[32mINSERT INTO "schema_migrations" ("version") VALUES (?)[0m  [["version", "20180725144629"]]
  ↳ bin/rails:9
  [1m[35m (58.5ms)[0m  [1m[36mcommit transaction[0m
  ↳ bin/rails:9
Migrating to CreateUsers (20180725145705)
  [1m[35m (0.1ms)[0m  [1m[36mbegin transaction[0m
  ↳ bin/rails:9
  [1m[35m (0.3ms)[0m  [1m[35mCREATE TABLE "users" ("id" integer PRIMARY KEY AUTOINCREMENT NOT NULL, "name" varchar, "created_at" datetime NOT NULL, "updated_at" datetime NOT NULL)[0m
  ↳ db/migrate/20180725145705_create_users.rb:3
  [1m[36mActiveRecord::SchemaMigration Create (0.1ms)[0m  [1m[32mINSERT INTO "schema_migrations" ("version") VALUES (?)[0m  [["version", "20180725145705"]]
  ↳ bin/rails:9
  [1m[35m (55.6ms)[0m  [1m[36mcommit transaction[0m
  ↳ bin/rails:9
  [1m[36mActiveRecord::InternalMetadata Load (0.3ms)[0m  [1m[34mSELECT  "ar_internal_metadata".* FROM "ar_internal_metadata" WHERE "ar_internal_metadata"."key" = ? LIMIT ?[0m  [["key", "environment"], ["LIMIT", 1]]
  ↳ bin/rails:9
  [1m[35m (0.1ms)[0m  [1m[36mbegin transaction[0m
  ↳ bin/rails:9
  [1m[35m (0.0ms)[0m  [1m[36mcommit transaction[0m
  ↳ bin/rails:9
  [1m[35m (0.1ms)[0m  [1m[34mSELECT "schema_migrations"."version" FROM "schema_migrations" ORDER BY "schema_migrations"."version" ASC[0m
  ↳ bin/rails:9
  [1m[35m (0.1ms)[0m  [1m[34mSELECT "schema_migrations"."version" FROM "schema_migrations" ORDER BY "schema_migrations"."version" ASC[0m
  ↳ bin/rails:9
  [1m[35m (0.2ms)[0m  [1m[34mSELECT "schema_migrations"."version" FROM "schema_migrations" ORDER BY "schema_migrations"."version" ASC[0m
  ↳ bin/rails:9
  [1m[35m (0.0ms)[0m  [1m[36mbegin transaction[0m
  ↳ db/seeds.rb:12
  [1m[36mUser Create (0.3ms)[0m  [1m[32mINSERT INTO "users" ("name", "created_at", "updated_at") VALUES (?, ?, ?)[0m  [["name", "Ivey"], ["created_at", "2018-07-25 15:08:45.954891"], ["updated_at", "2018-07-25 15:08:45.954891"]]
  ↳ db/seeds.rb:12
  [1m[35m (59.2ms)[0m  [1m[36mcommit transaction[0m
  ↳ db/seeds.rb:12
  [1m[35m (0.1ms)[0m  [1m[36mbegin transaction[0m
  ↳ db/seeds.rb:12
  [1m[36mUser Create (0.3ms)[0m  [1m[32mINSERT INTO "users" ("name", "created_at", "updated_at") VALUES (?, ?, ?)[0m  [["name", "Delpha"], ["created_at", "2018-07-25 15:08:46.016495"], ["updated_at", "2018-07-25 15:08:46.016495"]]
  ↳ db/seeds.rb:12
  [1m[35m (131.0ms)[0m  [1m[36mcommit transaction[0m
  ↳ db/seeds.rb:12
  [1m[35m (0.1ms)[0m  [1m[36mbegin transaction[0m
  ↳ db/seeds.rb:12
  [1m[36mUser Create (0.2ms)[0m  [1m[32mINSERT INTO "users" ("name", "created_at", "updated_at") VALUES (?, ?, ?)[0m  [["name", "Mikel"], ["created_at", "2018-07-25 15:08:46.149490"], ["updated_at", "2018-07-25 15:08:46.149490"]]
  ↳ db/seeds.rb:12
  [1m[35m (81.9ms)[0m  [1m[36mcommit transaction[0m
  ↳ db/seeds.rb:12
  [1m[35m (0.2ms)[0m  [1m[36mbegin transaction[0m
  ↳ db/seeds.rb:12
  [1m[36mUser Create (1.1ms)[0m  [1m[32mINSERT INTO "users" ("name", "created_at", "updated_at") VALUES (?, ?, ?)[0m  [["name", "Kayleigh"], ["created_at", "2018-07-25 15:08:46.234646"], ["updated_at", "2018-07-25 15:08:46.234646"]]
  ↳ db/seeds.rb:12
  [1m[35m (52.4ms)[0m  [1m[36mcommit transaction[0m
  ↳ db/seeds.rb:12
  [1m[35m (0.1ms)[0m  [1m[36mbegin transaction[0m
  ↳ db/seeds.rb:12
  [1m[36mUser Create (0.7ms)[0m  [1m[32mINSERT INTO "users" ("name", "created_at", "updated_at") VALUES (?, ?, ?)[0m  [["name", "Royal"], ["created_at", "2018-07-25 15:08:46.292295"], ["updated_at", "2018-07-25 15:08:46.292295"]]
  ↳ db/seeds.rb:12
  [1m[35m (53.6ms)[0m  [1m[36mcommit transaction[0m
  ↳ db/seeds.rb:12
  [1m[35m (0.1ms)[0m  [1m[36mbegin transaction[0m
  ↳ db/seeds.rb:12
  [1m[36mUser Create (0.2ms)[0m  [1m[32mINSERT INTO "users" ("name", "created_at", "updated_at") VALUES (?, ?, ?)[0m  [["name", "Cristopher"], ["created_at", "2018-07-25 15:08:46.349361"], ["updated_at", "2018-07-25 15:08:46.349361"]]
  ↳ db/seeds.rb:12
  [1m[35m (48.3ms)[0m  [1m[36mcommit transaction[0m
  ↳ db/seeds.rb:12
  [1m[35m (0.1ms)[0m  [1m[36mbegin transaction[0m
  ↳ db/seeds.rb:12
  [1m[36mUser Create (0.2ms)[0m  [1m[32mINSERT INTO "users" ("name", "created_at", "updated_at") VALUES (?, ?, ?)[0m  [["name", "Alethia"], ["created_at", "2018-07-25 15:08:46.399844"], ["updated_at", "2018-07-25 15:08:46.399844"]]
  ↳ db/seeds.rb:12
  [1m[35m (47.7ms)[0m  [1m[36mcommit transaction[0m
  ↳ db/seeds.rb:12
  [1m[35m (0.1ms)[0m  [1m[36mbegin transaction[0m
  ↳ db/seeds.rb:12
  [1m[36mUser Create (0.2ms)[0m  [1m[32mINSERT INTO "users" ("name", "created_at", "updated_at") VALUES (?, ?, ?)[0m  [["name", "Ruben"], ["created_at", "2018-07-25 15:08:46.449407"], ["updated_at", "2018-07-25 15:08:46.449407"]]
  ↳ db/seeds.rb:12
  [1m[35m (48.6ms)[0m  [1m[36mcommit transaction[0m
  ↳ db/seeds.rb:12
  [1m[35m (0.1ms)[0m  [1m[36mbegin transaction[0m
  ↳ db/seeds.rb:12
  [1m[36mUser Create (0.2ms)[0m  [1m[32mINSERT INTO "users" ("name", "created_at", "updated_at") VALUES (?, ?, ?)[0m  [["name", "Heriberto"], ["created_at", "2018-07-25 15:08:46.501483"], ["updated_at", "2018-07-25 15:08:46.501483"]]
  ↳ db/seeds.rb:12
  [1m[35m (45.9ms)[0m  [1m[36mcommit transaction[0m
  ↳ db/seeds.rb:12
  [1m[35m (0.1ms)[0m  [1m[36mbegin transaction[0m
  ↳ db/seeds.rb:12
  [1m[36mUser Create (0.2ms)[0m  [1m[32mINSERT INTO "users" ("name", "created_at", "updated_at") VALUES (?, ?, ?)[0m  [["name", "Michel"], ["created_at", "2018-07-25 15:08:46.549415"], ["updated_at", "2018-07-25 15:08:46.549415"]]
  ↳ db/seeds.rb:12
  [1m[35m (48.2ms)[0m  [1m[36mcommit transaction[0m
  ↳ db/seeds.rb:12
  [1m[35m (0.0ms)[0m  [1m[36mbegin transaction[0m
  ↳ db/seeds.rb:18
  [1m[36mUser Load (0.2ms)[0m  [1m[34mSELECT  "users".* FROM "users" WHERE "users"."id" = ? LIMIT ?[0m  [["id", 5], ["LIMIT", 1]]
  ↳ db/seeds.rb:18
  [1m[36mPin Create (0.3ms)[0m  [1m[32mINSERT INTO "pins" ("user_id", "url", "created_at", "updated_at") VALUES (?, ?, ?, ?)[0m  [["user_id", 5], ["url", "532-97-7149"], ["created_at", "2018-07-25 15:08:46.639034"], ["updated_at", "2018-07-25 15:08:46.639034"]]
  ↳ db/seeds.rb:18
  [1m[35m (58.7ms)[0m  [1m[36mcommit transaction[0m
  ↳ db/seeds.rb:18
  [1m[35m (0.0ms)[0m  [1m[36mbegin transaction[0m
  ↳ db/seeds.rb:18
  [1m[36mUser Load (0.1ms)[0m  [1m[34mSELECT  "users".* FROM "users" WHERE "users"."id" = ? LIMIT ?[0m  [["id", 2], ["LIMIT", 1]]
  ↳ db/seeds.rb:18
  [1m[36mPin Create (0.3ms)[0m  [1m[32mINSERT INTO "pins" ("user_id", "url", "created_at", "updated_at") VALUES (?, ?, ?, ?)[0m  [["user_id", 2], ["url", "554-50-8623"], ["created_at", "2018-07-25 15:08:46.700188"], ["updated_at", "2018-07-25 15:08:46.700188"]]
  ↳ db/seeds.rb:18
  [1m[35m (54.2ms)[0m  [1m[36mcommit transaction[0m
  ↳ db/seeds.rb:18
  [1m[35m (0.1ms)[0m  [1m[36mbegin transaction[0m
  ↳ db/seeds.rb:18
  [1m[36mUser Load (0.1ms)[0m  [1m[34mSELECT  "users".* FROM "users" WHERE "users"."id" = ? LIMIT ?[0m  [["id", 10], ["LIMIT", 1]]
  ↳ db/seeds.rb:18
  [1m[36mPin Create (0.2ms)[0m  [1m[32mINSERT INTO "pins" ("user_id", "url", "created_at", "updated_at") VALUES (?, ?, ?, ?)[0m  [["user_id", 10], ["url", "053-32-5705"], ["created_at", "2018-07-25 15:08:46.758683"], ["updated_at", "2018-07-25 15:08:46.758683"]]
  ↳ db/seeds.rb:18
  [1m[35m (46.6ms)[0m  [1m[36mcommit transaction[0m
  ↳ db/seeds.rb:18
  [1m[35m (0.1ms)[0m  [1m[36mbegin transaction[0m
  ↳ db/seeds.rb:18
  [1m[36mUser Load (0.1ms)[0m  [1m[34mSELECT  "users".* FROM "users" WHERE "users"."id" = ? LIMIT ?[0m  [["id", 5], ["LIMIT", 1]]
  ↳ db/seeds.rb:18
  [1m[36mPin Create (0.2ms)[0m  [1m[32mINSERT INTO "pins" ("user_id", "url", "created_at", "updated_at") VALUES (?, ?, ?, ?)[0m  [["user_id", 5], ["url", "663-09-6387"], ["created_at", "2018-07-25 15:08:46.807453"], ["updated_at", "2018-07-25 15:08:46.807453"]]
  ↳ db/seeds.rb:18
  [1m[35m (38.3ms)[0m  [1m[36mcommit transaction[0m
  ↳ db/seeds.rb:18
  [1m[35m (0.2ms)[0m  [1m[36mbegin transaction[0m
  ↳ db/seeds.rb:18
  [1m[36mUser Load (0.3ms)[0m  [1m[34mSELECT  "users".* FROM "users" WHERE "users"."id" = ? LIMIT ?[0m  [["id", 10], ["LIMIT", 1]]
  ↳ db/seeds.rb:18
  [1m[36mPin Create (1.1ms)[0m  [1m[32mINSERT INTO "pins" ("user_id", "url", "created_at", "updated_at") VALUES (?, ?, ?, ?)[0m  [["user_id", 10], ["url", "233-32-3771"], ["created_at", "2018-07-25 15:08:46.852257"], ["updated_at", "2018-07-25 15:08:46.852257"]]
  ↳ db/seeds.rb:18
  [1m[35m (99.5ms)[0m  [1m[36mcommit transaction[0m
  ↳ db/seeds.rb:18
  [1m[35m (0.1ms)[0m  [1m[34mSELECT "schema_migrations"."version" FROM "schema_migrations" ORDER BY "schema_migrations"."version" ASC[0m
  ↳ bin/rails:9
Migrating to CreateCommentaires (20180725150931)
  [1m[35m (0.0ms)[0m  [1m[36mbegin transaction[0m
  ↳ bin/rails:9
  [1m[35m (0.1ms)[0m  [1m[34mSELECT sqlite_version(*)[0m
  ↳ db/migrate/20180725150931_create_commentaires.rb:3
  [1m[35m (0.4ms)[0m  [1m[35mCREATE TABLE "commentaires" ("id" integer PRIMARY KEY AUTOINCREMENT NOT NULL, "pin_id" integer, "content" varchar, "created_at" datetime NOT NULL, "updated_at" datetime NOT NULL)[0m
  ↳ db/migrate/20180725150931_create_commentaires.rb:3
  [1m[35m (0.1ms)[0m  [1m[35mCREATE  INDEX "index_commentaires_on_pin_id" ON "commentaires" ("pin_id")[0m
  ↳ db/migrate/20180725150931_create_commentaires.rb:3
  [1m[36mActiveRecord::SchemaMigration Create (0.1ms)[0m  [1m[32mINSERT INTO "schema_migrations" ("version") VALUES (?)[0m  [["version", "20180725150931"]]
  ↳ bin/rails:9
  [1m[35m (81.4ms)[0m  [1m[36mcommit transaction[0m
  ↳ bin/rails:9
  [1m[36mActiveRecord::InternalMetadata Load (0.1ms)[0m  [1m[34mSELECT  "ar_internal_metadata".* FROM "ar_internal_metadata" WHERE "ar_internal_metadata"."key" = ? LIMIT ?[0m  [["key", "environment"], ["LIMIT", 1]]
  ↳ bin/rails:9
  [1m[35m (0.0ms)[0m  [1m[36mbegin transaction[0m
  ↳ bin/rails:9
  [1m[35m (0.0ms)[0m  [1m[36mcommit transaction[0m
  ↳ bin/rails:9
  [1m[35m (0.1ms)[0m  [1m[34mSELECT "schema_migrations"."version" FROM "schema_migrations" ORDER BY "schema_migrations"."version" ASC[0m
  ↳ bin/rails:9
  [1m[35m (0.1ms)[0m  [1m[34mSELECT "schema_migrations"."version" FROM "schema_migrations" ORDER BY "schema_migrations"."version" ASC[0m
  ↳ bin/rails:9
  [1m[36mActiveRecord::InternalMetadata Load (0.1ms)[0m  [1m[34mSELECT  "ar_internal_metadata".* FROM "ar_internal_metadata" WHERE "ar_internal_metadata"."key" = ? LIMIT ?[0m  [["key", "environment"], ["LIMIT", 1]]
  ↳ bin/rails:9
  [1m[35m (0.0ms)[0m  [1m[36mbegin transaction[0m
  ↳ bin/rails:9
  [1m[35m (0.0ms)[0m  [1m[36mcommit transaction[0m
  ↳ bin/rails:9
  [1m[35m (0.1ms)[0m  [1m[34mSELECT "schema_migrations"."version" FROM "schema_migrations" ORDER BY "schema_migrations"."version" ASC[0m
  ↳ bin/rails:9
  [1m[35m (0.1ms)[0m  [1m[34mSELECT "schema_migrations"."version" FROM "schema_migrations" ORDER BY "schema_migrations"."version" ASC[0m
  ↳ bin/rails:9
  [1m[35m (0.0ms)[0m  [1m[34mSELECT "schema_migrations"."version" FROM "schema_migrations" ORDER BY "schema_migrations"."version" ASC[0m
  ↳ bin/rails:9
  [1m[35m (0.0ms)[0m  [1m[34mSELECT "schema_migrations"."version" FROM "schema_migrations" ORDER BY "schema_migrations"."version" ASC[0m
  ↳ bin/rails:9
  [1m[35m (0.0ms)[0m  [1m[34mSELECT "schema_migrations"."version" FROM "schema_migrations" ORDER BY "schema_migrations"."version" ASC[0m
  ↳ bin/rails:9
Migrating to CreateCommentaires (20180725150931)
  [1m[35m (0.1ms)[0m  [1m[36mbegin transaction[0m
  ↳ bin/rails:9
  [1m[35m (0.3ms)[0m  [1m[35mDROP TABLE "commentaires"[0m
  ↳ bin/rails:9
  [1m[36mActiveRecord::SchemaMigration Destroy (0.1ms)[0m  [1m[31mDELETE FROM "schema_migrations" WHERE "schema_migrations"."version" = ?[0m  [["version", "20180725150931"]]
  ↳ bin/rails:9
  [1m[35m (62.1ms)[0m  [1m[36mcommit transaction[0m
  ↳ bin/rails:9
  [1m[35m (0.1ms)[0m  [1m[34mSELECT "schema_migrations"."version" FROM "schema_migrations" ORDER BY "schema_migrations"."version" ASC[0m
  ↳ bin/rails:9
  [1m[35m (0.1ms)[0m  [1m[34mSELECT "schema_migrations"."version" FROM "schema_migrations" ORDER BY "schema_migrations"."version" ASC[0m
  ↳ bin/rails:9
  [1m[35m (0.0ms)[0m  [1m[34mSELECT "schema_migrations"."version" FROM "schema_migrations" ORDER BY "schema_migrations"."version" ASC[0m
  ↳ bin/rails:9
  [1m[35m (0.0ms)[0m  [1m[34mSELECT "schema_migrations"."version" FROM "schema_migrations" ORDER BY "schema_migrations"."version" ASC[0m
  ↳ bin/rails:9
  [1m[35m (0.1ms)[0m  [1m[34mSELECT "schema_migrations"."version" FROM "schema_migrations" ORDER BY "schema_migrations"."version" ASC[0m
  ↳ bin/rails:9
Migrating to CreateUsers (20180725145705)
  [1m[35m (0.1ms)[0m  [1m[36mbegin transaction[0m
  ↳ bin/rails:9
  [1m[35m (0.4ms)[0m  [1m[35mDROP TABLE "users"[0m
  ↳ bin/rails:9
  [1m[36mActiveRecord::SchemaMigration Destroy (0.2ms)[0m  [1m[31mDELETE FROM "schema_migrations" WHERE "schema_migrations"."version" = ?[0m  [["version", "20180725145705"]]
  ↳ bin/rails:9
  [1m[35m (46.4ms)[0m  [1m[36mcommit transaction[0m
  ↳ bin/rails:9
  [1m[35m (0.1ms)[0m  [1m[34mSELECT "schema_migrations"."version" FROM "schema_migrations" ORDER BY "schema_migrations"."version" ASC[0m
  ↳ bin/rails:9
  [1m[35m (0.1ms)[0m  [1m[34mSELECT "schema_migrations"."version" FROM "schema_migrations" ORDER BY "schema_migrations"."version" ASC[0m
  ↳ bin/rails:9
  [1m[35m (0.0ms)[0m  [1m[34mSELECT "schema_migrations"."version" FROM "schema_migrations" ORDER BY "schema_migrations"."version" ASC[0m
  ↳ bin/rails:9
  [1m[35m (0.1ms)[0m  [1m[34mSELECT "schema_migrations"."version" FROM "schema_migrations" ORDER BY "schema_migrations"."version" ASC[0m
  ↳ bin/rails:9
  [1m[35m (0.0ms)[0m  [1m[34mSELECT "schema_migrations"."version" FROM "schema_migrations" ORDER BY "schema_migrations"."version" ASC[0m
  ↳ bin/rails:9
Migrating to CreatePins (20180725144629)
  [1m[35m (0.0ms)[0m  [1m[36mbegin transaction[0m
  ↳ bin/rails:9
  [1m[35m (0.3ms)[0m  [1m[35mDROP TABLE "pins"[0m
  ↳ bin/rails:9
  [1m[36mActiveRecord::SchemaMigration Destroy (0.1ms)[0m  [1m[31mDELETE FROM "schema_migrations" WHERE "schema_migrations"."version" = ?[0m  [["version", "20180725144629"]]
  ↳ bin/rails:9
  [1m[35m (51.4ms)[0m  [1m[36mcommit transaction[0m
  ↳ bin/rails:9
  [1m[35m (0.1ms)[0m  [1m[34mSELECT "schema_migrations"."version" FROM "schema_migrations" ORDER BY "schema_migrations"."version" ASC[0m
  ↳ bin/rails:9
  [1m[35m (0.1ms)[0m  [1m[34mSELECT "schema_migrations"."version" FROM "schema_migrations" ORDER BY "schema_migrations"."version" ASC[0m
  ↳ bin/rails:9
Migrating to CreatePins (20180725144629)
  [1m[35m (0.0ms)[0m  [1m[36mbegin transaction[0m
  ↳ bin/rails:9
  [1m[35m (0.1ms)[0m  [1m[34mSELECT sqlite_version(*)[0m
  ↳ db/migrate/20180725144629_create_pins.rb:3
  [1m[35m (0.3ms)[0m  [1m[35mCREATE TABLE "pins" ("id" integer PRIMARY KEY AUTOINCREMENT NOT NULL, "user_id" integer, "url" varchar, "created_at" datetime NOT NULL, "updated_at" datetime NOT NULL)[0m
  ↳ db/migrate/20180725144629_create_pins.rb:3
  [1m[35m (0.1ms)[0m  [1m[35mCREATE  INDEX "index_pins_on_user_id" ON "pins" ("user_id")[0m
  ↳ db/migrate/20180725144629_create_pins.rb:3
  [1m[36mActiveRecord::SchemaMigration Create (0.1ms)[0m  [1m[32mINSERT INTO "schema_migrations" ("version") VALUES (?)[0m  [["version", "20180725144629"]]
  ↳ bin/rails:9
  [1m[35m (52.3ms)[0m  [1m[36mcommit transaction[0m
  ↳ bin/rails:9
Migrating to CreateUsers (20180725145705)
  [1m[35m (0.1ms)[0m  [1m[36mbegin transaction[0m
  ↳ bin/rails:9
  [1m[35m (0.3ms)[0m  [1m[35mCREATE TABLE "users" ("id" integer PRIMARY KEY AUTOINCREMENT NOT NULL, "name" varchar, "created_at" datetime NOT NULL, "updated_at" datetime NOT NULL)[0m
  ↳ db/migrate/20180725145705_create_users.rb:3
  [1m[36mActiveRecord::SchemaMigration Create (0.2ms)[0m  [1m[32mINSERT INTO "schema_migrations" ("version") VALUES (?)[0m  [["version", "20180725145705"]]
  ↳ bin/rails:9
  [1m[35m (45.1ms)[0m  [1m[36mcommit transaction[0m
  ↳ bin/rails:9
Migrating to CreateCommentaires (20180725150931)
  [1m[35m (0.1ms)[0m  [1m[36mbegin transaction[0m
  ↳ bin/rails:9
  [1m[35m (0.3ms)[0m  [1m[35mCREATE TABLE "commentaires" ("id" integer PRIMARY KEY AUTOINCREMENT NOT NULL, "pin_id" integer, "user_id" integer, "content" varchar, "created_at" datetime NOT NULL, "updated_at" datetime NOT NULL)[0m
  ↳ db/migrate/20180725150931_create_commentaires.rb:3
  [1m[35m (0.1ms)[0m  [1m[35mCREATE  INDEX "index_commentaires_on_pin_id" ON "commentaires" ("pin_id")[0m
  ↳ db/migrate/20180725150931_create_commentaires.rb:3
  [1m[35m (0.1ms)[0m  [1m[35mCREATE  INDEX "index_commentaires_on_user_id" ON "commentaires" ("user_id")[0m
  ↳ db/migrate/20180725150931_create_commentaires.rb:3
  [1m[36mActiveRecord::SchemaMigration Create (0.1ms)[0m  [1m[32mINSERT INTO "schema_migrations" ("version") VALUES (?)[0m  [["version", "20180725150931"]]
  ↳ bin/rails:9
  [1m[35m (69.1ms)[0m  [1m[36mcommit transaction[0m
  ↳ bin/rails:9
  [1m[36mActiveRecord::InternalMetadata Load (0.2ms)[0m  [1m[34mSELECT  "ar_internal_metadata".* FROM "ar_internal_metadata" WHERE "ar_internal_metadata"."key" = ? LIMIT ?[0m  [["key", "environment"], ["LIMIT", 1]]
  ↳ bin/rails:9
  [1m[35m (0.1ms)[0m  [1m[36mbegin transaction[0m
  ↳ bin/rails:9
  [1m[35m (0.0ms)[0m  [1m[36mcommit transaction[0m
  ↳ bin/rails:9
  [1m[35m (0.1ms)[0m  [1m[34mSELECT "schema_migrations"."version" FROM "schema_migrations" ORDER BY "schema_migrations"."version" ASC[0m
  ↳ bin/rails:9
  [1m[35m (0.1ms)[0m  [1m[34mSELECT "schema_migrations"."version" FROM "schema_migrations" ORDER BY "schema_migrations"."version" ASC[0m
  ↳ bin/rails:9
  [1m[36mActiveRecord::InternalMetadata Load (0.1ms)[0m  [1m[34mSELECT  "ar_internal_metadata".* FROM "ar_internal_metadata" WHERE "ar_internal_metadata"."key" = ? LIMIT ?[0m  [["key", "environment"], ["LIMIT", 1]]
  ↳ bin/rails:9
  [1m[35m (0.0ms)[0m  [1m[36mbegin transaction[0m
  ↳ bin/rails:9
  [1m[35m (0.0ms)[0m  [1m[36mcommit transaction[0m
  ↳ bin/rails:9
  [1m[35m (0.0ms)[0m  [1m[34mSELECT "schema_migrations"."version" FROM "schema_migrations" ORDER BY "schema_migrations"."version" ASC[0m
  ↳ bin/rails:9
  [1m[35m (0.1ms)[0m  [1m[34mSELECT "schema_migrations"."version" FROM "schema_migrations" ORDER BY "schema_migrations"."version" ASC[0m
  ↳ bin/rails:9
  [1m[35m (0.1ms)[0m  [1m[36mbegin transaction[0m
  ↳ db/seeds.rb:28
  [1m[36mCommentaire Create (0.3ms)[0m  [1m[32mINSERT INTO "commentaires" ("pin_id", "user_id", "created_at", "updated_at") VALUES (?, ?, ?, ?)[0m  [["pin_id", 3], ["user_id", 7], ["created_at", "2018-07-25 15:25:43.706814"], ["updated_at", "2018-07-25 15:25:43.706814"]]
  ↳ db/seeds.rb:28
  [1m[35m (68.9ms)[0m  [1m[36mcommit transaction[0m
  ↳ db/seeds.rb:28
  [1m[35m (0.1ms)[0m  [1m[36mbegin transaction[0m
  ↳ db/seeds.rb:28
  [1m[36mCommentaire Create (0.2ms)[0m  [1m[32mINSERT INTO "commentaires" ("pin_id", "user_id", "created_at", "updated_at") VALUES (?, ?, ?, ?)[0m  [["pin_id", 2], ["user_id", 8], ["created_at", "2018-07-25 15:25:43.777643"], ["updated_at", "2018-07-25 15:25:43.777643"]]
  ↳ db/seeds.rb:28
  [1m[35m (56.7ms)[0m  [1m[36mcommit transaction[0m
  ↳ db/seeds.rb:28
  [1m[35m (0.1ms)[0m  [1m[36mbegin transaction[0m
  ↳ db/seeds.rb:28
  [1m[36mCommentaire Create (0.2ms)[0m  [1m[32mINSERT INTO "commentaires" ("pin_id", "user_id", "created_at", "updated_at") VALUES (?, ?, ?, ?)[0m  [["pin_id", 4], ["user_id", 3], ["created_at", "2018-07-25 15:25:43.836042"], ["updated_at", "2018-07-25 15:25:43.836042"]]
  ↳ db/seeds.rb:28
  [1m[35m (56.5ms)[0m  [1m[36mcommit transaction[0m
  ↳ db/seeds.rb:28
  [1m[35m (0.1ms)[0m  [1m[36mbegin transaction[0m
  ↳ db/seeds.rb:28
  [1m[36mCommentaire Create (0.2ms)[0m  [1m[32mINSERT INTO "commentaires" ("pin_id", "user_id", "created_at", "updated_at") VALUES (?, ?, ?, ?)[0m  [["pin_id", 5], ["user_id", 3], ["created_at", "2018-07-25 15:25:43.894237"], ["updated_at", "2018-07-25 15:25:43.894237"]]
  ↳ db/seeds.rb:28
  [1m[35m (56.7ms)[0m  [1m[36mcommit transaction[0m
  ↳ db/seeds.rb:28
  [1m[35m (0.1ms)[0m  [1m[36mbegin transaction[0m
  ↳ db/seeds.rb:28
  [1m[36mCommentaire Create (0.2ms)[0m  [1m[32mINSERT INTO "commentaires" ("pin_id", "user_id", "created_at", "updated_at") VALUES (?, ?, ?, ?)[0m  [["pin_id", 1], ["user_id", 9], ["created_at", "2018-07-25 15:25:43.952680"], ["updated_at", "2018-07-25 15:25:43.952680"]]
  ↳ db/seeds.rb:28
  [1m[35m (48.3ms)[0m  [1m[36mcommit transaction[0m
  ↳ db/seeds.rb:28
  [1m[35m (0.1ms)[0m  [1m[36mbegin transaction[0m
  ↳ db/seeds.rb:28
  [1m[36mCommentaire Create (0.3ms)[0m  [1m[32mINSERT INTO "commentaires" ("pin_id", "user_id", "created_at", "updated_at") VALUES (?, ?, ?, ?)[0m  [["pin_id", 2], ["user_id", 7], ["created_at", "2018-07-25 15:25:44.009617"], ["updated_at", "2018-07-25 15:25:44.009617"]]
  ↳ db/seeds.rb:28
  [1m[35m (62.1ms)[0m  [1m[36mcommit transaction[0m
  ↳ db/seeds.rb:28
  [1m[35m (0.1ms)[0m  [1m[36mbegin transaction[0m
  ↳ db/seeds.rb:28
  [1m[36mCommentaire Create (0.3ms)[0m  [1m[32mINSERT INTO "commentaires" ("pin_id", "user_id", "created_at", "updated_at") VALUES (?, ?, ?, ?)[0m  [["pin_id", 4], ["user_id", 10], ["created_at", "2018-07-25 15:25:44.073669"], ["updated_at", "2018-07-25 15:25:44.073669"]]
  ↳ db/seeds.rb:28
  [1m[35m (43.4ms)[0m  [1m[36mcommit transaction[0m
  ↳ db/seeds.rb:28
  [1m[35m (0.1ms)[0m  [1m[36mbegin transaction[0m
  ↳ db/seeds.rb:28
  [1m[36mCommentaire Create (0.3ms)[0m  [1m[32mINSERT INTO "commentaires" ("pin_id", "user_id", "created_at", "updated_at") VALUES (?, ?, ?, ?)[0m  [["pin_id", 2], ["user_id", 8], ["created_at", "2018-07-25 15:25:44.120341"], ["updated_at", "2018-07-25 15:25:44.120341"]]
  ↳ db/seeds.rb:28
  [1m[35m (47.0ms)[0m  [1m[36mcommit transaction[0m
  ↳ db/seeds.rb:28
  [1m[35m (0.1ms)[0m  [1m[34mSELECT "schema_migrations"."version" FROM "schema_migrations" ORDER BY "schema_migrations"."version" ASC[0m
  ↳ bin/rails:9
  [1m[35m (0.1ms)[0m  [1m[34mSELECT "schema_migrations"."version" FROM "schema_migrations" ORDER BY "schema_migrations"."version" ASC[0m
  ↳ bin/rails:9
  [1m[35m (0.0ms)[0m  [1m[34mSELECT "schema_migrations"."version" FROM "schema_migrations" ORDER BY "schema_migrations"."version" ASC[0m
  ↳ bin/rails:9
  [1m[35m (0.0ms)[0m  [1m[34mSELECT "schema_migrations"."version" FROM "schema_migrations" ORDER BY "schema_migrations"."version" ASC[0m
  ↳ bin/rails:9
Migrating to CreateCommentaires (20180725150931)
  [1m[35m (0.0ms)[0m  [1m[36mbegin transaction[0m
  ↳ bin/rails:9
  [1m[35m (0.4ms)[0m  [1m[35mDROP TABLE "commentaires"[0m
  ↳ bin/rails:9
  [1m[36mActiveRecord::SchemaMigration Destroy (0.2ms)[0m  [1m[31mDELETE FROM "schema_migrations" WHERE "schema_migrations"."version" = ?[0m  [["version", "20180725150931"]]
  ↳ bin/rails:9
  [1m[35m (62.7ms)[0m  [1m[36mcommit transaction[0m
  ↳ bin/rails:9
  [1m[35m (0.1ms)[0m  [1m[34mSELECT "schema_migrations"."version" FROM "schema_migrations" ORDER BY "schema_migrations"."version" ASC[0m
  ↳ bin/rails:9
  [1m[35m (0.2ms)[0m  [1m[34mSELECT "schema_migrations"."version" FROM "schema_migrations" ORDER BY "schema_migrations"."version" ASC[0m
  ↳ bin/rails:9
  [1m[35m (0.0ms)[0m  [1m[34mSELECT "schema_migrations"."version" FROM "schema_migrations" ORDER BY "schema_migrations"."version" ASC[0m
  ↳ bin/rails:9
  [1m[35m (0.0ms)[0m  [1m[34mSELECT "schema_migrations"."version" FROM "schema_migrations" ORDER BY "schema_migrations"."version" ASC[0m
  ↳ bin/rails:9
  [1m[35m (0.0ms)[0m  [1m[34mSELECT "schema_migrations"."version" FROM "schema_migrations" ORDER BY "schema_migrations"."version" ASC[0m
  ↳ bin/rails:9
Migrating to CreateUsers (20180725145705)
  [1m[35m (0.0ms)[0m  [1m[36mbegin transaction[0m
  ↳ bin/rails:9
  [1m[35m (0.3ms)[0m  [1m[35mDROP TABLE "users"[0m
  ↳ bin/rails:9
  [1m[36mActiveRecord::SchemaMigration Destroy (0.1ms)[0m  [1m[31mDELETE FROM "schema_migrations" WHERE "schema_migrations"."version" = ?[0m  [["version", "20180725145705"]]
  ↳ bin/rails:9
  [1m[35m (61.5ms)[0m  [1m[36mcommit transaction[0m
  ↳ bin/rails:9
  [1m[35m (0.1ms)[0m  [1m[34mSELECT "schema_migrations"."version" FROM "schema_migrations" ORDER BY "schema_migrations"."version" ASC[0m
  ↳ bin/rails:9
  [1m[35m (0.1ms)[0m  [1m[34mSELECT "schema_migrations"."version" FROM "schema_migrations" ORDER BY "schema_migrations"."version" ASC[0m
  ↳ bin/rails:9
Migrating to CreateUsers (20180725145705)
  [1m[35m (0.0ms)[0m  [1m[36mbegin transaction[0m
  ↳ bin/rails:9
  [1m[35m (0.1ms)[0m  [1m[34mSELECT sqlite_version(*)[0m
  ↳ db/migrate/20180725145705_create_users.rb:3
  [1m[35m (0.3ms)[0m  [1m[35mCREATE TABLE "users" ("id" integer PRIMARY KEY AUTOINCREMENT NOT NULL, "name" varchar, "created_at" datetime NOT NULL, "updated_at" datetime NOT NULL)[0m
  ↳ db/migrate/20180725145705_create_users.rb:3
  [1m[36mActiveRecord::SchemaMigration Create (0.1ms)[0m  [1m[32mINSERT INTO "schema_migrations" ("version") VALUES (?)[0m  [["version", "20180725145705"]]
  ↳ bin/rails:9
  [1m[35m (56.4ms)[0m  [1m[36mcommit transaction[0m
  ↳ bin/rails:9
Migrating to CreateCommentaires (20180725150931)
  [1m[35m (0.1ms)[0m  [1m[36mbegin transaction[0m
  ↳ bin/rails:9
  [1m[35m (0.3ms)[0m  [1m[35mCREATE TABLE "commentaires" ("id" integer PRIMARY KEY AUTOINCREMENT NOT NULL, "pin_id" integer, "user_id" integer, "content" varchar, "created_at" datetime NOT NULL, "updated_at" datetime NOT NULL)[0m
  ↳ db/migrate/20180725150931_create_commentaires.rb:3
  [1m[35m (0.1ms)[0m  [1m[35mCREATE  INDEX "index_commentaires_on_pin_id" ON "commentaires" ("pin_id")[0m
  ↳ db/migrate/20180725150931_create_commentaires.rb:3
  [1m[35m (0.1ms)[0m  [1m[35mCREATE  INDEX "index_commentaires_on_user_id" ON "commentaires" ("user_id")[0m
  ↳ db/migrate/20180725150931_create_commentaires.rb:3
  [1m[36mActiveRecord::SchemaMigration Create (0.1ms)[0m  [1m[32mINSERT INTO "schema_migrations" ("version") VALUES (?)[0m  [["version", "20180725150931"]]
  ↳ bin/rails:9
  [1m[35m (54.3ms)[0m  [1m[36mcommit transaction[0m
  ↳ bin/rails:9
  [1m[36mActiveRecord::InternalMetadata Load (0.1ms)[0m  [1m[34mSELECT  "ar_internal_metadata".* FROM "ar_internal_metadata" WHERE "ar_internal_metadata"."key" = ? LIMIT ?[0m  [["key", "environment"], ["LIMIT", 1]]
  ↳ bin/rails:9
  [1m[35m (0.0ms)[0m  [1m[36mbegin transaction[0m
  ↳ bin/rails:9
  [1m[35m (0.0ms)[0m  [1m[36mcommit transaction[0m
  ↳ bin/rails:9
  [1m[35m (0.1ms)[0m  [1m[34mSELECT "schema_migrations"."version" FROM "schema_migrations" ORDER BY "schema_migrations"."version" ASC[0m
  ↳ bin/rails:9
  [1m[35m (0.1ms)[0m  [1m[34mSELECT "schema_migrations"."version" FROM "schema_migrations" ORDER BY "schema_migrations"."version" ASC[0m
  ↳ bin/rails:9
  [1m[35m (0.0ms)[0m  [1m[36mbegin transaction[0m
  ↳ db/seeds.rb:16
  [1m[36mUser Create (0.3ms)[0m  [1m[32mINSERT INTO "users" ("name", "created_at", "updated_at") VALUES (?, ?, ?)[0m  [["name", "Mozella"], ["created_at", "2018-07-25 15:26:33.277643"], ["updated_at", "2018-07-25 15:26:33.277643"]]
  ↳ db/seeds.rb:16
  [1m[35m (58.6ms)[0m  [1m[36mcommit transaction[0m
  ↳ db/seeds.rb:16
  [1m[35m (0.1ms)[0m  [1m[36mbegin transaction[0m
  ↳ db/seeds.rb:16
  [1m[36mUser Create (0.2ms)[0m  [1m[32mINSERT INTO "users" ("name", "created_at", "updated_at") VALUES (?, ?, ?)[0m  [["name", "Randell"], ["created_at", "2018-07-25 15:26:33.346309"], ["updated_at", "2018-07-25 15:26:33.346309"]]
  ↳ db/seeds.rb:16
  [1m[35m (211.7ms)[0m  [1m[36mcommit transaction[0m
  ↳ db/seeds.rb:16
  [1m[35m (0.1ms)[0m  [1m[36mbegin transaction[0m
  ↳ db/seeds.rb:16
  [1m[36mUser Create (0.2ms)[0m  [1m[32mINSERT INTO "users" ("name", "created_at", "updated_at") VALUES (?, ?, ?)[0m  [["name", "George"], ["created_at", "2018-07-25 15:26:33.561026"], ["updated_at", "2018-07-25 15:26:33.561026"]]
  ↳ db/seeds.rb:16
  [1m[35m (58.5ms)[0m  [1m[36mcommit transaction[0m
  ↳ db/seeds.rb:16
  [1m[35m (0.1ms)[0m  [1m[36mbegin transaction[0m
  ↳ db/seeds.rb:16
  [1m[36mUser Create (0.2ms)[0m  [1m[32mINSERT INTO "users" ("name", "created_at", "updated_at") VALUES (?, ?, ?)[0m  [["name", "Harley"], ["created_at", "2018-07-25 15:26:33.622246"], ["updated_at", "2018-07-25 15:26:33.622246"]]
  ↳ db/seeds.rb:16
  [1m[35m (56.4ms)[0m  [1m[36mcommit transaction[0m
  ↳ db/seeds.rb:16
  [1m[35m (0.0ms)[0m  [1m[36mbegin transaction[0m
  ↳ db/seeds.rb:16
  [1m[36mUser Create (0.2ms)[0m  [1m[32mINSERT INTO "users" ("name", "created_at", "updated_at") VALUES (?, ?, ?)[0m  [["name", "Rigoberto"], ["created_at", "2018-07-25 15:26:33.680365"], ["updated_at", "2018-07-25 15:26:33.680365"]]
  ↳ db/seeds.rb:16
  [1m[35m (47.6ms)[0m  [1m[36mcommit transaction[0m
  ↳ db/seeds.rb:16
  [1m[35m (0.1ms)[0m  [1m[36mbegin transaction[0m
  ↳ db/seeds.rb:16
  [1m[36mUser Create (0.2ms)[0m  [1m[32mINSERT INTO "users" ("name", "created_at", "updated_at") VALUES (?, ?, ?)[0m  [["name", "Chang"], ["created_at", "2018-07-25 15:26:33.731216"], ["updated_at", "2018-07-25 15:26:33.731216"]]
  ↳ db/seeds.rb:16
  [1m[35m (48.0ms)[0m  [1m[36mcommit transaction[0m
  ↳ db/seeds.rb:16
  [1m[35m (0.0ms)[0m  [1m[36mbegin transaction[0m
  ↳ db/seeds.rb:16
  [1m[36mUser Create (0.2ms)[0m  [1m[32mINSERT INTO "users" ("name", "created_at", "updated_at") VALUES (?, ?, ?)[0m  [["name", "Cindi"], ["created_at", "2018-07-25 15:26:33.780812"], ["updated_at", "2018-07-25 15:26:33.780812"]]
  ↳ db/seeds.rb:16
  [1m[35m (55.4ms)[0m  [1m[36mcommit transaction[0m
  ↳ db/seeds.rb:16
  [1m[35m (0.1ms)[0m  [1m[36mbegin transaction[0m
  ↳ db/seeds.rb:16
  [1m[36mUser Create (0.2ms)[0m  [1m[32mINSERT INTO "users" ("name", "created_at", "updated_at") VALUES (?, ?, ?)[0m  [["name", "Dominic"], ["created_at", "2018-07-25 15:26:33.838695"], ["updated_at", "2018-07-25 15:26:33.838695"]]
  ↳ db/seeds.rb:16
  [1m[35m (39.2ms)[0m  [1m[36mcommit transaction[0m
  ↳ db/seeds.rb:16
  [1m[35m (0.1ms)[0m  [1m[36mbegin transaction[0m
  ↳ db/seeds.rb:16
  [1m[36mUser Create (0.5ms)[0m  [1m[32mINSERT INTO "users" ("name", "created_at", "updated_at") VALUES (?, ?, ?)[0m  [["name", "Moshe"], ["created_at", "2018-07-25 15:26:33.881399"], ["updated_at", "2018-07-25 15:26:33.881399"]]
  ↳ db/seeds.rb:16
  [1m[35m (54.4ms)[0m  [1m[36mcommit transaction[0m
  ↳ db/seeds.rb:16
  [1m[35m (0.1ms)[0m  [1m[36mbegin transaction[0m
  ↳ db/seeds.rb:16
  [1m[36mUser Create (0.2ms)[0m  [1m[32mINSERT INTO "users" ("name", "created_at", "updated_at") VALUES (?, ?, ?)[0m  [["name", "Judson"], ["created_at", "2018-07-25 15:26:33.938685"], ["updated_at", "2018-07-25 15:26:33.938685"]]
  ↳ db/seeds.rb:16
  [1m[35m (39.2ms)[0m  [1m[36mcommit transaction[0m
  ↳ db/seeds.rb:16
  [1m[35m (0.0ms)[0m  [1m[36mbegin transaction[0m
  ↳ db/seeds.rb:22
  [1m[36mUser Load (0.2ms)[0m  [1m[34mSELECT  "users".* FROM "users" WHERE "users"."id" = ? LIMIT ?[0m  [["id", 8], ["LIMIT", 1]]
  ↳ db/seeds.rb:22
  [1m[36mPin Create (0.2ms)[0m  [1m[32mINSERT INTO "pins" ("user_id", "url", "created_at", "updated_at") VALUES (?, ?, ?, ?)[0m  [["user_id", 8], ["url", "623-97-7761"], ["created_at", "2018-07-25 15:26:33.992777"], ["updated_at", "2018-07-25 15:26:33.992777"]]
  ↳ db/seeds.rb:22
  [1m[35m (50.2ms)[0m  [1m[36mcommit transaction[0m
  ↳ db/seeds.rb:22
  [1m[35m (0.0ms)[0m  [1m[36mbegin transaction[0m
  ↳ db/seeds.rb:22
  [1m[36mUser Load (0.1ms)[0m  [1m[34mSELECT  "users".* FROM "users" WHERE "users"."id" = ? LIMIT ?[0m  [["id", 10], ["LIMIT", 1]]
  ↳ db/seeds.rb:22
  [1m[36mPin Create (0.2ms)[0m  [1m[32mINSERT INTO "pins" ("user_id", "url", "created_at", "updated_at") VALUES (?, ?, ?, ?)[0m  [["user_id", 10], ["url", "042-06-1354"], ["created_at", "2018-07-25 15:26:34.046497"], ["updated_at", "2018-07-25 15:26:34.046497"]]
  ↳ db/seeds.rb:22
  [1m[35m (47.3ms)[0m  [1m[36mcommit transaction[0m
  ↳ db/seeds.rb:22
  [1m[35m (0.1ms)[0m  [1m[36mbegin transaction[0m
  ↳ db/seeds.rb:22
  [1m[36mUser Load (0.1ms)[0m  [1m[34mSELECT  "users".* FROM "users" WHERE "users"."id" = ? LIMIT ?[0m  [["id", 1], ["LIMIT", 1]]
  ↳ db/seeds.rb:22
  [1m[36mPin Create (0.2ms)[0m  [1m[32mINSERT INTO "pins" ("user_id", "url", "created_at", "updated_at") VALUES (?, ?, ?, ?)[0m  [["user_id", 1], ["url", "739-12-1646"], ["created_at", "2018-07-25 15:26:34.096771"], ["updated_at", "2018-07-25 15:26:34.096771"]]
  ↳ db/seeds.rb:22
  [1m[35m (46.6ms)[0m  [1m[36mcommit transaction[0m
  ↳ db/seeds.rb:22
  [1m[35m (0.1ms)[0m  [1m[36mbegin transaction[0m
  ↳ db/seeds.rb:22
  [1m[36mUser Load (0.1ms)[0m  [1m[34mSELECT  "users".* FROM "users" WHERE "users"."id" = ? LIMIT ?[0m  [["id", 3], ["LIMIT", 1]]
  ↳ db/seeds.rb:22
  [1m[36mPin Create (0.2ms)[0m  [1m[32mINSERT INTO "pins" ("user_id", "url", "created_at", "updated_at") VALUES (?, ?, ?, ?)[0m  [["user_id", 3], ["url", "057-08-5429"], ["created_at", "2018-07-25 15:26:34.146751"], ["updated_at", "2018-07-25 15:26:34.146751"]]
  ↳ db/seeds.rb:22
  [1m[35m (46.5ms)[0m  [1m[36mcommit transaction[0m
  ↳ db/seeds.rb:22
  [1m[35m (0.1ms)[0m  [1m[36mbegin transaction[0m
  ↳ db/seeds.rb:22
  [1m[36mUser Load (0.1ms)[0m  [1m[34mSELECT  "users".* FROM "users" WHERE "users"."id" = ? LIMIT ?[0m  [["id", 1], ["LIMIT", 1]]
  ↳ db/seeds.rb:22
  [1m[36mPin Create (0.2ms)[0m  [1m[32mINSERT INTO "pins" ("user_id", "url", "created_at", "updated_at") VALUES (?, ?, ?, ?)[0m  [["user_id", 1], ["url", "502-80-3746"], ["created_at", "2018-07-25 15:26:34.196003"], ["updated_at", "2018-07-25 15:26:34.196003"]]
  ↳ db/seeds.rb:22
  [1m[35m (47.1ms)[0m  [1m[36mcommit transaction[0m
  ↳ db/seeds.rb:22
  [1m[35m (0.0ms)[0m  [1m[36mbegin transaction[0m
  ↳ db/seeds.rb:28
  [1m[36mCommentaire Create (0.3ms)[0m  [1m[32mINSERT INTO "commentaires" ("pin_id", "user_id", "created_at", "updated_at") VALUES (?, ?, ?, ?)[0m  [["pin_id", 4], ["user_id", 5], ["created_at", "2018-07-25 15:26:34.250928"], ["updated_at", "2018-07-25 15:26:34.250928"]]
  ↳ db/seeds.rb:28
  [1m[35m (55.3ms)[0m  [1m[36mcommit transaction[0m
  ↳ db/seeds.rb:28
  [1m[35m (0.0ms)[0m  [1m[36mbegin transaction[0m
  ↳ db/seeds.rb:28
  [1m[36mCommentaire Create (0.2ms)[0m  [1m[32mINSERT INTO "commentaires" ("pin_id", "user_id", "created_at", "updated_at") VALUES (?, ?, ?, ?)[0m  [["pin_id", 3], ["user_id", 9], ["created_at", "2018-07-25 15:26:34.307956"], ["updated_at", "2018-07-25 15:26:34.307956"]]
  ↳ db/seeds.rb:28
  [1m[35m (47.6ms)[0m  [1m[36mcommit transaction[0m
  ↳ db/seeds.rb:28
  [1m[35m (0.1ms)[0m  [1m[36mbegin transaction[0m
  ↳ db/seeds.rb:28
  [1m[36mCommentaire Create (0.3ms)[0m  [1m[32mINSERT INTO "commentaires" ("pin_id", "user_id", "created_at", "updated_at") VALUES (?, ?, ?, ?)[0m  [["pin_id", 2], ["user_id", 5], ["created_at", "2018-07-25 15:26:34.358008"], ["updated_at", "2018-07-25 15:26:34.358008"]]
  ↳ db/seeds.rb:28
  [1m[35m (64.6ms)[0m  [1m[36mcommit transaction[0m
  ↳ db/seeds.rb:28
  [1m[35m (0.1ms)[0m  [1m[36mbegin transaction[0m
  ↳ db/seeds.rb:28
  [1m[36mCommentaire Create (0.2ms)[0m  [1m[32mINSERT INTO "commentaires" ("pin_id", "user_id", "created_at", "updated_at") VALUES (?, ?, ?, ?)[0m  [["pin_id", 1], ["user_id", 5], ["created_at", "2018-07-25 15:26:34.424528"], ["updated_at", "2018-07-25 15:26:34.424528"]]
  ↳ db/seeds.rb:28
  [1m[35m (47.7ms)[0m  [1m[36mcommit transaction[0m
  ↳ db/seeds.rb:28
  [1m[35m (0.0ms)[0m  [1m[36mbegin transaction[0m
  ↳ db/seeds.rb:28
  [1m[36mCommentaire Create (0.2ms)[0m  [1m[32mINSERT INTO "commentaires" ("pin_id", "user_id", "created_at", "updated_at") VALUES (?, ?, ?, ?)[0m  [["pin_id", 1], ["user_id", 2], ["created_at", "2018-07-25 15:26:34.474999"], ["updated_at", "2018-07-25 15:26:34.474999"]]
  ↳ db/seeds.rb:28
  [1m[35m (56.5ms)[0m  [1m[36mcommit transaction[0m
  ↳ db/seeds.rb:28
  [1m[35m (0.0ms)[0m  [1m[36mbegin transaction[0m
  ↳ db/seeds.rb:28
  [1m[36mCommentaire Create (0.2ms)[0m  [1m[32mINSERT INTO "commentaires" ("pin_id", "user_id", "created_at", "updated_at") VALUES (?, ?, ?, ?)[0m  [["pin_id", 1], ["user_id", 1], ["created_at", "2018-07-25 15:26:34.532810"], ["updated_at", "2018-07-25 15:26:34.532810"]]
  ↳ db/seeds.rb:28
  [1m[35m (47.8ms)[0m  [1m[36mcommit transaction[0m
  ↳ db/seeds.rb:28
  [1m[35m (0.1ms)[0m  [1m[36mbegin transaction[0m
  ↳ db/seeds.rb:28
  [1m[36mCommentaire Create (0.9ms)[0m  [1m[32mINSERT INTO "commentaires" ("pin_id", "user_id", "created_at", "updated_at") VALUES (?, ?, ?, ?)[0m  [["pin_id", 1], ["user_id", 2], ["created_at", "2018-07-25 15:26:34.582600"], ["updated_at", "2018-07-25 15:26:34.582600"]]
  ↳ db/seeds.rb:28
  [1m[35m (54.1ms)[0m  [1m[36mcommit transaction[0m
  ↳ db/seeds.rb:28
  [1m[35m (0.1ms)[0m  [1m[36mbegin transaction[0m
  ↳ db/seeds.rb:28
  [1m[36mCommentaire Create (0.3ms)[0m  [1m[32mINSERT INTO "commentaires" ("pin_id", "user_id", "created_at", "updated_at") VALUES (?, ?, ?, ?)[0m  [["pin_id", 1], ["user_id", 2], ["created_at", "2018-07-25 15:26:34.641477"], ["updated_at", "2018-07-25 15:26:34.641477"]]
  ↳ db/seeds.rb:28
  [1m[35m (39.1ms)[0m  [1m[36mcommit transaction[0m
  ↳ db/seeds.rb:28
